  UnitTestCalc.cpp
C:\Users\alainlozgar\OneDrive - Centre d'Estudis Monlau\1r DAW\Entornos de desarrollo\Calc\Calc.cpp(22,14): warning C4244: '=': conversión de 'int' a 'float'; posible pérdida de datos
  (compilando archivo de origen "/UnitTestCalc.cpp")
  
C:\Users\alainlozgar\OneDrive - Centre d'Estudis Monlau\1r DAW\Entornos de desarrollo\UnitTestCalc\UnitTestCalc.cpp(19,3): error C2535: 'const Microsoft::VisualStudio::CppUnitTestFramework::MemberMethodInfo *UnitTestCalc::UnitTestCalc::__GetTestMethodInfo_TestMethod1(void)': función miembro ya definida o declarada
  (compilando archivo de origen "/UnitTestCalc.cpp")
      C:\Users\alainlozgar\OneDrive - Centre d'Estudis Monlau\1r DAW\Entornos de desarrollo\UnitTestCalc\UnitTestCalc.cpp(12,3):
      vea la declaración de 'UnitTestCalc::UnitTestCalc::__GetTestMethodInfo_TestMethod1'
  
C:\Users\alainlozgar\OneDrive - Centre d'Estudis Monlau\1r DAW\Entornos de desarrollo\UnitTestCalc\UnitTestCalc.cpp(19,3): error C2535: 'void UnitTestCalc::UnitTestCalc::TestMethod1(void)': función miembro ya definida o declarada
  (compilando archivo de origen "/UnitTestCalc.cpp")
      C:\Users\alainlozgar\OneDrive - Centre d'Estudis Monlau\1r DAW\Entornos de desarrollo\UnitTestCalc\UnitTestCalc.cpp(12,3):
      vea la declaración de 'UnitTestCalc::UnitTestCalc::TestMethod1'
  
C:\Users\alainlozgar\OneDrive - Centre d'Estudis Monlau\1r DAW\Entornos de desarrollo\UnitTestCalc\UnitTestCalc.cpp(24,12): error C2665: 'Microsoft::VisualStudio::CppUnitTestFramework::Assert::AreEqual':ninguna función sobrecargada pudo convertir todos los tipos de argumento
  (compilando archivo de origen "/UnitTestCalc.cpp")
      C:\Program Files\Microsoft Visual Studio\2022\Professional\VC\Auxiliary\VS\UnitTest\include\CppUnitTestAssert.h(191,15):
      puede ser 'void Microsoft::VisualStudio::CppUnitTestFramework::Assert::AreEqual(const wchar_t *,const wchar_t *,bool,const wchar_t *,const Microsoft::VisualStudio::CppUnitTestFramework::__LineInfo *)'
          C:\Users\alainlozgar\OneDrive - Centre d'Estudis Monlau\1r DAW\Entornos de desarrollo\UnitTestCalc\UnitTestCalc.cpp(24,12):
          'void Microsoft::VisualStudio::CppUnitTestFramework::Assert::AreEqual(const wchar_t *,const wchar_t *,bool,const wchar_t *,const Microsoft::VisualStudio::CppUnitTestFramework::__LineInfo *)': el argumento 1 no puede convertirse de 'double' a 'const wchar_t *'
      C:\Program Files\Microsoft Visual Studio\2022\Professional\VC\Auxiliary\VS\UnitTest\include\CppUnitTestAssert.h(185,15):
      o       'void Microsoft::VisualStudio::CppUnitTestFramework::Assert::AreEqual(const wchar_t *,const wchar_t *,const wchar_t *,const Microsoft::VisualStudio::CppUnitTestFramework::__LineInfo *)'
          C:\Users\alainlozgar\OneDrive - Centre d'Estudis Monlau\1r DAW\Entornos de desarrollo\UnitTestCalc\UnitTestCalc.cpp(24,12):
          'void Microsoft::VisualStudio::CppUnitTestFramework::Assert::AreEqual(const wchar_t *,const wchar_t *,const wchar_t *,const Microsoft::VisualStudio::CppUnitTestFramework::__LineInfo *)': el argumento 1 no puede convertirse de 'double' a 'const wchar_t *'
      C:\Program Files\Microsoft Visual Studio\2022\Professional\VC\Auxiliary\VS\UnitTest\include\CppUnitTestAssert.h(179,15):
      o       'void Microsoft::VisualStudio::CppUnitTestFramework::Assert::AreEqual(const wchar_t *,const wchar_t *,const char *,const Microsoft::VisualStudio::CppUnitTestFramework::__LineInfo *)'
          C:\Users\alainlozgar\OneDrive - Centre d'Estudis Monlau\1r DAW\Entornos de desarrollo\UnitTestCalc\UnitTestCalc.cpp(24,12):
          'void Microsoft::VisualStudio::CppUnitTestFramework::Assert::AreEqual(const wchar_t *,const wchar_t *,const char *,const Microsoft::VisualStudio::CppUnitTestFramework::__LineInfo *)': el argumento 1 no puede convertirse de 'double' a 'const wchar_t *'
      C:\Program Files\Microsoft Visual Studio\2022\Professional\VC\Auxiliary\VS\UnitTest\include\CppUnitTestAssert.h(172,15):
      o       'void Microsoft::VisualStudio::CppUnitTestFramework::Assert::AreEqual(const char *,const char *,bool,const wchar_t *,const Microsoft::VisualStudio::CppUnitTestFramework::__LineInfo *)'
          C:\Users\alainlozgar\OneDrive - Centre d'Estudis Monlau\1r DAW\Entornos de desarrollo\UnitTestCalc\UnitTestCalc.cpp(24,12):
          'void Microsoft::VisualStudio::CppUnitTestFramework::Assert::AreEqual(const char *,const char *,bool,const wchar_t *,const Microsoft::VisualStudio::CppUnitTestFramework::__LineInfo *)': el argumento 1 no puede convertirse de 'double' a 'const char *'
      C:\Program Files\Microsoft Visual Studio\2022\Professional\VC\Auxiliary\VS\UnitTest\include\CppUnitTestAssert.h(166,15):
      o       'void Microsoft::VisualStudio::CppUnitTestFramework::Assert::AreEqual(const char *,const char *,const wchar_t *,const Microsoft::VisualStudio::CppUnitTestFramework::__LineInfo *)'
          C:\Users\alainlozgar\OneDrive - Centre d'Estudis Monlau\1r DAW\Entornos de desarrollo\UnitTestCalc\UnitTestCalc.cpp(24,12):
          'void Microsoft::VisualStudio::CppUnitTestFramework::Assert::AreEqual(const char *,const char *,const wchar_t *,const Microsoft::VisualStudio::CppUnitTestFramework::__LineInfo *)': el argumento 1 no puede convertirse de 'double' a 'const char *'
      C:\Program Files\Microsoft Visual Studio\2022\Professional\VC\Auxiliary\VS\UnitTest\include\CppUnitTestAssert.h(160,15):
      o       'void Microsoft::VisualStudio::CppUnitTestFramework::Assert::AreEqual(const char *,const char *,const char *,const Microsoft::VisualStudio::CppUnitTestFramework::__LineInfo *)'
          C:\Users\alainlozgar\OneDrive - Centre d'Estudis Monlau\1r DAW\Entornos de desarrollo\UnitTestCalc\UnitTestCalc.cpp(24,12):
          'void Microsoft::VisualStudio::CppUnitTestFramework::Assert::AreEqual(const char *,const char *,const char *,const Microsoft::VisualStudio::CppUnitTestFramework::__LineInfo *)': el argumento 1 no puede convertirse de 'double' a 'const char *'
      C:\Program Files\Microsoft Visual Studio\2022\Professional\VC\Auxiliary\VS\UnitTest\include\CppUnitTestAssert.h(153,15):
      o       'void Microsoft::VisualStudio::CppUnitTestFramework::Assert::AreEqual(float,float,float,const wchar_t *,const Microsoft::VisualStudio::CppUnitTestFramework::__LineInfo *)'
          C:\Users\alainlozgar\OneDrive - Centre d'Estudis Monlau\1r DAW\Entornos de desarrollo\UnitTestCalc\UnitTestCalc.cpp(24,12):
          'void Microsoft::VisualStudio::CppUnitTestFramework::Assert::AreEqual(float,float,float,const wchar_t *,const Microsoft::VisualStudio::CppUnitTestFramework::__LineInfo *)': el argumento 3 no puede convertirse de 'const wchar_t [37]' a 'float'
              C:\Users\alainlozgar\OneDrive - Centre d'Estudis Monlau\1r DAW\Entornos de desarrollo\UnitTestCalc\UnitTestCalc.cpp(24,32):
              No existe un contexto en el que sea posible realizar esta conversión
      C:\Program Files\Microsoft Visual Studio\2022\Professional\VC\Auxiliary\VS\UnitTest\include\CppUnitTestAssert.h(146,15):
      o       'void Microsoft::VisualStudio::CppUnitTestFramework::Assert::AreEqual(double,double,double,const wchar_t *,const Microsoft::VisualStudio::CppUnitTestFramework::__LineInfo *)'
          C:\Users\alainlozgar\OneDrive - Centre d'Estudis Monlau\1r DAW\Entornos de desarrollo\UnitTestCalc\UnitTestCalc.cpp(24,12):
          'void Microsoft::VisualStudio::CppUnitTestFramework::Assert::AreEqual(double,double,double,const wchar_t *,const Microsoft::VisualStudio::CppUnitTestFramework::__LineInfo *)': el argumento 3 no puede convertirse de 'const wchar_t [37]' a 'double'
              C:\Users\alainlozgar\OneDrive - Centre d'Estudis Monlau\1r DAW\Entornos de desarrollo\UnitTestCalc\UnitTestCalc.cpp(24,32):
              No existe un contexto en el que sea posible realizar esta conversión
      C:\Program Files\Microsoft Visual Studio\2022\Professional\VC\Auxiliary\VS\UnitTest\include\CppUnitTestAssert.h(139,36):
      o       'void Microsoft::VisualStudio::CppUnitTestFramework::Assert::AreEqual(const T &,const T &,const wchar_t *,const Microsoft::VisualStudio::CppUnitTestFramework::__LineInfo *)'
          C:\Users\alainlozgar\OneDrive - Centre d'Estudis Monlau\1r DAW\Entornos de desarrollo\UnitTestCalc\UnitTestCalc.cpp(24,12):
          "void Microsoft::VisualStudio::CppUnitTestFramework::Assert::AreEqual(const T &,const T &,const wchar_t *,const Microsoft::VisualStudio::CppUnitTestFramework::__LineInfo *)": el parámetro de plantilla "T" es ambiguo
              C:\Users\alainlozgar\OneDrive - Centre d'Estudis Monlau\1r DAW\Entornos de desarrollo\UnitTestCalc\UnitTestCalc.cpp(24,12):
              puede ser 'float'
              C:\Users\alainlozgar\OneDrive - Centre d'Estudis Monlau\1r DAW\Entornos de desarrollo\UnitTestCalc\UnitTestCalc.cpp(24,12):
              o       'double'
          C:\Users\alainlozgar\OneDrive - Centre d'Estudis Monlau\1r DAW\Entornos de desarrollo\UnitTestCalc\UnitTestCalc.cpp(24,12):
          "void Microsoft::VisualStudio::CppUnitTestFramework::Assert::AreEqual(const T &,const T &,const wchar_t *,const Microsoft::VisualStudio::CppUnitTestFramework::__LineInfo *)": no se pudo deducir el argumento plantilla para "const T &" de "float"
      C:\Users\alainlozgar\OneDrive - Centre d'Estudis Monlau\1r DAW\Entornos de desarrollo\UnitTestCalc\UnitTestCalc.cpp(24,12):
      al hacer coincidir la lista de argumentos '(double, float, const wchar_t [37])'
  
